<?xml version="1.0" encoding="UTF-8"?>
<!-- Generated by org.testng.reporters.JUnitReportReporter -->
<testsuite skipped="0" hostname="DESKTOP-8HSMC6R" name="test.testclick" tests="1" failures="0" timestamp="02 Jul 2019 05:14:25 GMT" time="19.970" errors="0">
  <testcase name="intialise" time="19.970" classname="test.testclick"/>
</testsuite> <!-- test.testclick -->
