<?xml version="1.0" encoding="UTF-8"?>
<!-- Generated by org.testng.reporters.JUnitReportReporter -->
<testsuite skipped="0" hostname="DESKTOP-8HSMC6R" name="com.cstest.test.CastlightTest" tests="1" failures="0" timestamp="12 Jul 2019 03:07:29 GMT" time="58.639" errors="0">
  <testcase name="elementClick" time="58.639" classname="com.cstest.test.CastlightTest"/>
</testsuite> <!-- com.cstest.test.CastlightTest -->
