<?xml version="1.0" encoding="UTF-8"?>
<!-- Generated by org.testng.reporters.JUnitReportReporter -->
<testsuite skipped="0" hostname="DESKTOP-8HSMC6R" name="com.cstest.test.GmailSending2" tests="2" failures="0" timestamp="07 Jul 2019 11:30:10 GMT" time="99.137" errors="0">
  <testcase name="navigateToGmailHomePage" time="34.817" classname="com.cstest.test.GmailSending2"/>
  <testcase name="composeaMail" time="64.320" classname="com.cstest.test.GmailSending2"/>
</testsuite> <!-- com.cstest.test.GmailSending2 -->
