<?xml version="1.0" encoding="UTF-8"?>
<!-- Generated by org.testng.reporters.JUnitReportReporter -->
<testsuite hostname="DESKTOP-8HSMC6R" name="com.testing.Output_From_CMD" tests="1" failures="0" timestamp="20 Apr 2019 15:05:57 GMT" time="60.069" errors="0">
  <testcase name="intialMethod" time="60.069" classname="com.testing.Output_From_CMD"/>
</testsuite> <!-- com.testing.Output_From_CMD -->
